{"/home/ojwang/Microverse/Modue 2/To-do-List/mocks/emptyModule.js": {"path":"/home/ojwang/Microverse/Modue 2/To-do-List/mocks/emptyModule.js","statementMap":{},"fnMap":{},"branchMap":{},"s":{},"f":{},"b":{},"_coverageSchema":"1a1c01bbd47fc00a2c39e90264f33305004495a9","hash":"fd509469b120b5cab526185e24e6256942a890c6"}
,"/home/ojwang/Microverse/Modue 2/To-do-List/src/index.js": {"path":"/home/ojwang/Microverse/Modue 2/To-do-List/src/index.js","statementMap":{"0":{"start":{"line":7,"column":16},"end":{"line":17,"column":1}},"1":{"start":{"line":8,"column":16},"end":{"line":8,"column":37}},"2":{"start":{"line":9,"column":18},"end":{"line":13,"column":3}},"3":{"start":{"line":14,"column":2},"end":{"line":14,"column":22}},"4":{"start":{"line":15,"column":2},"end":{"line":15,"column":28}},"5":{"start":{"line":16,"column":2},"end":{"line":16,"column":16}},"6":{"start":{"line":19,"column":28},"end":{"line":27,"column":1}},"7":{"start":{"line":20,"column":14},"end":{"line":20,"column":35}},"8":{"start":{"line":21,"column":2},"end":{"line":21,"column":50}},"9":{"start":{"line":21,"column":33},"end":{"line":21,"column":48}},"10":{"start":{"line":22,"column":2},"end":{"line":24,"column":5}},"11":{"start":{"line":23,"column":4},"end":{"line":23,"column":23}},"12":{"start":{"line":25,"column":2},"end":{"line":25,"column":28}},"13":{"start":{"line":26,"column":2},"end":{"line":26,"column":16}},"14":{"start":{"line":29,"column":0},"end":{"line":52,"column":3}},"15":{"start":{"line":30,"column":24},"end":{"line":30,"column":64}},"16":{"start":{"line":31,"column":22},"end":{"line":31,"column":68}},"17":{"start":{"line":32,"column":24},"end":{"line":32,"column":64}},"18":{"start":{"line":34,"column":2},"end":{"line":41,"column":5}},"19":{"start":{"line":35,"column":22},"end":{"line":35,"column":58}},"20":{"start":{"line":36,"column":21},"end":{"line":36,"column":36}},"21":{"start":{"line":37,"column":4},"end":{"line":40,"column":5}},"22":{"start":{"line":38,"column":6},"end":{"line":38,"column":24}},"23":{"start":{"line":39,"column":6},"end":{"line":39,"column":27}},"24":{"start":{"line":43,"column":2},"end":{"line":45,"column":5}},"25":{"start":{"line":44,"column":4},"end":{"line":44,"column":26}},"26":{"start":{"line":47,"column":2},"end":{"line":49,"column":5}},"27":{"start":{"line":48,"column":4},"end":{"line":48,"column":29}},"28":{"start":{"line":51,"column":2},"end":{"line":51,"column":16}}},"fnMap":{"0":{"name":"(anonymous_0)","decl":{"start":{"line":7,"column":16},"end":{"line":7,"column":17}},"loc":{"start":{"line":7,"column":33},"end":{"line":17,"column":1}},"line":7},"1":{"name":"(anonymous_1)","decl":{"start":{"line":19,"column":28},"end":{"line":19,"column":29}},"loc":{"start":{"line":19,"column":34},"end":{"line":27,"column":1}},"line":19},"2":{"name":"(anonymous_2)","decl":{"start":{"line":21,"column":23},"end":{"line":21,"column":24}},"loc":{"start":{"line":21,"column":33},"end":{"line":21,"column":48}},"line":21},"3":{"name":"(anonymous_3)","decl":{"start":{"line":22,"column":16},"end":{"line":22,"column":17}},"loc":{"start":{"line":22,"column":29},"end":{"line":24,"column":3}},"line":22},"4":{"name":"(anonymous_4)","decl":{"start":{"line":29,"column":46},"end":{"line":29,"column":47}},"loc":{"start":{"line":29,"column":52},"end":{"line":52,"column":1}},"line":29},"5":{"name":"(anonymous_5)","decl":{"start":{"line":34,"column":42},"end":{"line":34,"column":43}},"loc":{"start":{"line":34,"column":48},"end":{"line":41,"column":3}},"line":34},"6":{"name":"(anonymous_6)","decl":{"start":{"line":43,"column":40},"end":{"line":43,"column":41}},"loc":{"start":{"line":43,"column":46},"end":{"line":45,"column":3}},"line":43},"7":{"name":"(anonymous_7)","decl":{"start":{"line":47,"column":42},"end":{"line":47,"column":43}},"loc":{"start":{"line":47,"column":48},"end":{"line":49,"column":3}},"line":47}},"branchMap":{"0":{"loc":{"start":{"line":37,"column":4},"end":{"line":40,"column":5}},"type":"if","locations":[{"start":{"line":37,"column":4},"end":{"line":40,"column":5}},{"start":{},"end":{}}],"line":37}},"s":{"0":1,"1":1,"2":1,"3":1,"4":1,"5":1,"6":1,"7":0,"8":0,"9":0,"10":0,"11":0,"12":0,"13":0,"14":1,"15":0,"16":0,"17":0,"18":0,"19":0,"20":0,"21":0,"22":0,"23":0,"24":0,"25":0,"26":0,"27":0,"28":0},"f":{"0":1,"1":0,"2":0,"3":0,"4":0,"5":0,"6":0,"7":0},"b":{"0":[0,0]},"_coverageSchema":"1a1c01bbd47fc00a2c39e90264f33305004495a9","hash":"dff4110d89037da74c0554283b7cf46d7e14c9bf"}
,"/home/ojwang/Microverse/Modue 2/To-do-List/src/modules/renderModule.js": {"path":"/home/ojwang/Microverse/Modue 2/To-do-List/src/modules/renderModule.js","statementMap":{"0":{"start":{"line":6,"column":20},"end":{"line":68,"column":1}},"1":{"start":{"line":7,"column":19},"end":{"line":7,"column":55}},"2":{"start":{"line":8,"column":2},"end":{"line":8,"column":26}},"3":{"start":{"line":10,"column":16},"end":{"line":10,"column":37}},"4":{"start":{"line":11,"column":2},"end":{"line":67,"column":5}},"5":{"start":{"line":12,"column":21},"end":{"line":12,"column":49}},"6":{"start":{"line":14,"column":21},"end":{"line":14,"column":52}},"7":{"start":{"line":15,"column":4},"end":{"line":15,"column":31}},"8":{"start":{"line":16,"column":4},"end":{"line":16,"column":38}},"9":{"start":{"line":17,"column":4},"end":{"line":17,"column":35}},"10":{"start":{"line":19,"column":28},"end":{"line":19,"column":58}},"11":{"start":{"line":20,"column":4},"end":{"line":20,"column":51}},"12":{"start":{"line":21,"column":4},"end":{"line":21,"column":49}},"13":{"start":{"line":22,"column":4},"end":{"line":22,"column":42}},"14":{"start":{"line":24,"column":23},"end":{"line":24,"column":55}},"15":{"start":{"line":25,"column":4},"end":{"line":25,"column":41}},"16":{"start":{"line":26,"column":4},"end":{"line":26,"column":37}},"17":{"start":{"line":27,"column":4},"end":{"line":27,"column":37}},"18":{"start":{"line":29,"column":25},"end":{"line":29,"column":57}},"19":{"start":{"line":30,"column":4},"end":{"line":30,"column":45}},"20":{"start":{"line":31,"column":23},"end":{"line":31,"column":53}},"21":{"start":{"line":32,"column":4},"end":{"line":32,"column":41}},"22":{"start":{"line":33,"column":4},"end":{"line":33,"column":41}},"23":{"start":{"line":34,"column":4},"end":{"line":34,"column":39}},"24":{"start":{"line":36,"column":4},"end":{"line":36,"column":35}},"25":{"start":{"line":38,"column":4},"end":{"line":40,"column":7}},"26":{"start":{"line":39,"column":6},"end":{"line":39,"column":53}},"27":{"start":{"line":42,"column":4},"end":{"line":61,"column":7}},"28":{"start":{"line":44,"column":25},"end":{"line":44,"column":56}},"29":{"start":{"line":45,"column":6},"end":{"line":45,"column":31}},"30":{"start":{"line":46,"column":6},"end":{"line":46,"column":42}},"31":{"start":{"line":47,"column":6},"end":{"line":47,"column":46}},"32":{"start":{"line":50,"column":6},"end":{"line":50,"column":25}},"33":{"start":{"line":53,"column":6},"end":{"line":60,"column":9}},"34":{"start":{"line":54,"column":31},"end":{"line":54,"column":47}},"35":{"start":{"line":55,"column":8},"end":{"line":57,"column":9}},"36":{"start":{"line":56,"column":10},"end":{"line":56,"column":58}},"37":{"start":{"line":59,"column":8},"end":{"line":59,"column":48}},"38":{"start":{"line":63,"column":4},"end":{"line":66,"column":7}},"39":{"start":{"line":64,"column":6},"end":{"line":64,"column":29}},"40":{"start":{"line":65,"column":6},"end":{"line":65,"column":20}}},"fnMap":{"0":{"name":"(anonymous_0)","decl":{"start":{"line":6,"column":20},"end":{"line":6,"column":21}},"loc":{"start":{"line":6,"column":26},"end":{"line":68,"column":1}},"line":6},"1":{"name":"(anonymous_1)","decl":{"start":{"line":11,"column":16},"end":{"line":11,"column":17}},"loc":{"start":{"line":11,"column":26},"end":{"line":67,"column":3}},"line":11},"2":{"name":"(anonymous_2)","decl":{"start":{"line":38,"column":40},"end":{"line":38,"column":41}},"loc":{"start":{"line":38,"column":46},"end":{"line":40,"column":5}},"line":38},"3":{"name":"(anonymous_3)","decl":{"start":{"line":42,"column":41},"end":{"line":42,"column":42}},"loc":{"start":{"line":42,"column":47},"end":{"line":61,"column":5}},"line":42},"4":{"name":"(anonymous_4)","decl":{"start":{"line":53,"column":42},"end":{"line":53,"column":43}},"loc":{"start":{"line":53,"column":48},"end":{"line":60,"column":7}},"line":53},"5":{"name":"(anonymous_5)","decl":{"start":{"line":63,"column":43},"end":{"line":63,"column":44}},"loc":{"start":{"line":63,"column":49},"end":{"line":66,"column":5}},"line":63}},"branchMap":{"0":{"loc":{"start":{"line":55,"column":8},"end":{"line":57,"column":9}},"type":"if","locations":[{"start":{"line":55,"column":8},"end":{"line":57,"column":9}},{"start":{},"end":{}}],"line":55}},"s":{"0":1,"1":1,"2":1,"3":1,"4":1,"5":1,"6":1,"7":1,"8":1,"9":1,"10":1,"11":1,"12":1,"13":1,"14":1,"15":1,"16":1,"17":1,"18":1,"19":1,"20":1,"21":1,"22":1,"23":1,"24":1,"25":1,"26":0,"27":1,"28":0,"29":0,"30":0,"31":0,"32":0,"33":0,"34":0,"35":0,"36":0,"37":0,"38":1,"39":0,"40":0},"f":{"0":1,"1":1,"2":0,"3":0,"4":0,"5":0},"b":{"0":[0,0]},"_coverageSchema":"1a1c01bbd47fc00a2c39e90264f33305004495a9","hash":"b6d3313d179be10a35091b28f80e53b427ea9bc7"}
,"/home/ojwang/Microverse/Modue 2/To-do-List/src/modules/statusModule.js": {"path":"/home/ojwang/Microverse/Modue 2/To-do-List/src/modules/statusModule.js","statementMap":{"0":{"start":{"line":4,"column":25},"end":{"line":11,"column":1}},"1":{"start":{"line":5,"column":16},"end":{"line":5,"column":37}},"2":{"start":{"line":6,"column":15},"end":{"line":6,"column":57}},"3":{"start":{"line":6,"column":36},"end":{"line":6,"column":56}},"4":{"start":{"line":7,"column":2},"end":{"line":10,"column":3}},"5":{"start":{"line":8,"column":4},"end":{"line":8,"column":31}},"6":{"start":{"line":9,"column":4},"end":{"line":9,"column":30}}},"fnMap":{"0":{"name":"(anonymous_0)","decl":{"start":{"line":4,"column":25},"end":{"line":4,"column":26}},"loc":{"start":{"line":4,"column":47},"end":{"line":11,"column":1}},"line":4},"1":{"name":"(anonymous_1)","decl":{"start":{"line":6,"column":26},"end":{"line":6,"column":27}},"loc":{"start":{"line":6,"column":36},"end":{"line":6,"column":56}},"line":6}},"branchMap":{"0":{"loc":{"start":{"line":7,"column":2},"end":{"line":10,"column":3}},"type":"if","locations":[{"start":{"line":7,"column":2},"end":{"line":10,"column":3}},{"start":{},"end":{}}],"line":7}},"s":{"0":1,"1":0,"2":0,"3":0,"4":0,"5":0,"6":0},"f":{"0":0,"1":0},"b":{"0":[0,0]},"_coverageSchema":"1a1c01bbd47fc00a2c39e90264f33305004495a9","hash":"b3b9212b7d1b69d66722a1a01edc73ee8c1c7c12"}
,"/home/ojwang/Microverse/Modue 2/To-do-List/src/modules/taskModule.js": {"path":"/home/ojwang/Microverse/Modue 2/To-do-List/src/modules/taskModule.js","statementMap":{"0":{"start":{"line":2,"column":28},"end":{"line":5,"column":1}},"1":{"start":{"line":3,"column":20},"end":{"line":3,"column":49}},"2":{"start":{"line":4,"column":2},"end":{"line":4,"column":48}},"3":{"start":{"line":8,"column":27},"end":{"line":10,"column":1}},"4":{"start":{"line":9,"column":2},"end":{"line":9,"column":55}},"5":{"start":{"line":13,"column":28},"end":{"line":20,"column":1}},"6":{"start":{"line":14,"column":16},"end":{"line":14,"column":37}},"7":{"start":{"line":15,"column":15},"end":{"line":15,"column":57}},"8":{"start":{"line":15,"column":36},"end":{"line":15,"column":56}},"9":{"start":{"line":16,"column":2},"end":{"line":19,"column":3}},"10":{"start":{"line":17,"column":4},"end":{"line":17,"column":38}},"11":{"start":{"line":18,"column":4},"end":{"line":18,"column":30}},"12":{"start":{"line":23,"column":19},"end":{"line":30,"column":1}},"13":{"start":{"line":24,"column":14},"end":{"line":24,"column":35}},"14":{"start":{"line":25,"column":2},"end":{"line":25,"column":55}},"15":{"start":{"line":25,"column":33},"end":{"line":25,"column":53}},"16":{"start":{"line":26,"column":2},"end":{"line":28,"column":5}},"17":{"start":{"line":27,"column":4},"end":{"line":27,"column":23}},"18":{"start":{"line":29,"column":2},"end":{"line":29,"column":28}}},"fnMap":{"0":{"name":"(anonymous_0)","decl":{"start":{"line":2,"column":28},"end":{"line":2,"column":29}},"loc":{"start":{"line":2,"column":34},"end":{"line":5,"column":1}},"line":2},"1":{"name":"(anonymous_1)","decl":{"start":{"line":8,"column":27},"end":{"line":8,"column":28}},"loc":{"start":{"line":8,"column":38},"end":{"line":10,"column":1}},"line":8},"2":{"name":"(anonymous_2)","decl":{"start":{"line":13,"column":28},"end":{"line":13,"column":29}},"loc":{"start":{"line":13,"column":55},"end":{"line":20,"column":1}},"line":13},"3":{"name":"(anonymous_3)","decl":{"start":{"line":15,"column":26},"end":{"line":15,"column":27}},"loc":{"start":{"line":15,"column":36},"end":{"line":15,"column":56}},"line":15},"4":{"name":"(anonymous_4)","decl":{"start":{"line":23,"column":19},"end":{"line":23,"column":20}},"loc":{"start":{"line":23,"column":30},"end":{"line":30,"column":1}},"line":23},"5":{"name":"(anonymous_5)","decl":{"start":{"line":25,"column":23},"end":{"line":25,"column":24}},"loc":{"start":{"line":25,"column":33},"end":{"line":25,"column":53}},"line":25},"6":{"name":"(anonymous_6)","decl":{"start":{"line":26,"column":16},"end":{"line":26,"column":17}},"loc":{"start":{"line":26,"column":29},"end":{"line":28,"column":3}},"line":26}},"branchMap":{"0":{"loc":{"start":{"line":4,"column":9},"end":{"line":4,"column":47}},"type":"cond-expr","locations":[{"start":{"line":4,"column":21},"end":{"line":4,"column":42}},{"start":{"line":4,"column":45},"end":{"line":4,"column":47}}],"line":4},"1":{"loc":{"start":{"line":16,"column":2},"end":{"line":19,"column":3}},"type":"if","locations":[{"start":{"line":16,"column":2},"end":{"line":19,"column":3}},{"start":{},"end":{}}],"line":16}},"s":{"0":1,"1":3,"2":3,"3":1,"4":2,"5":1,"6":0,"7":0,"8":0,"9":0,"10":0,"11":0,"12":1,"13":1,"14":1,"15":1,"16":1,"17":0,"18":1},"f":{"0":3,"1":2,"2":0,"3":0,"4":1,"5":1,"6":0},"b":{"0":[2,1],"1":[0,0]},"_coverageSchema":"1a1c01bbd47fc00a2c39e90264f33305004495a9","hash":"c8ebef264ff0845d2dd08bf28ec82c930b97d557"}
}
